<?xml version="1.0" encoding="UTF-8"?>
<!-- Generated by org.testng.reporters.JUnitReportReporter -->
<testsuite hostname="DESKTOP-79IOCQ4" failures="0" tests="2" name="tests.searchTest" time="63.476" errors="0" timestamp="2023-06-09T13:15:23 IST" skipped="0">
  <testcase classname="tests.searchTest" name="usershouldbesearchavalidproduct" time="40.537"/>
  <system-out/>
  <testcase classname="tests.searchTest" name="usershouldbesearchainvalidproduct" time="22.939"/>
  <system-out/>
</testsuite> <!-- tests.searchTest -->
